<?xml version="1.0" encoding="UTF-8"?>
<!-- Generated by org.testng.reporters.JUnitXMLReporter -->
<testsuite hostname="DELL-3490-Siddharth" ignored="0" name="Test" tests="3" failures="0" timestamp="18 Jul 2020 15:48:10 GMT" time="28.804" errors="0">
  <testcase name="@BeforeTest setup" time="13.097" classname="com.InternalProject.qa.test.MainTest">
    <failure type="org.openqa.selenium.SessionNotCreatedException" message="session not created
from chrome not reachable
  (Session info: chrome=84.0.4147.89)
Build info: version: &amp;apos;3.5.2&amp;apos;, revision: &amp;apos;10229a9&amp;apos;, time: &amp;apos;2017-08-21T17:29:55.15Z&amp;apos;
System info: host: &amp;apos;DELL-3490-SIDDH&amp;apos;, ip: &amp;apos;192.168.0.39&amp;apos;, os.name: &amp;apos;Windows 10&amp;apos;, os.arch: &amp;apos;amd64&amp;apos;, os.version: &amp;apos;10.0&amp;apos;, java.version: &amp;apos;1.8.0_201&amp;apos;
Driver info: driver.version: ChromeDriver
remote stacktrace: Backtrace:
	Ordinal0 [0x00A79563+2725219]
	Ordinal0 [0x00978551+1672529]
	Ordinal0 [0x00860202+524802]
	Ordinal0 [0x008599B2+498098]
	Ordinal0 [0x0085A09B+499867]
	Ordinal0 [0x0085AFF5+503797]
	Ordinal0 [0x00856994+485780]
	Ordinal0 [0x00860FF0+528368]
	Ordinal0 [0x0080D6C9+186057]
	Ordinal0 [0x0080CA3D+182845]
	Ordinal0 [0x0080A94B+174411]
	Ordinal0 [0x007F2528+75048]
	Ordinal0 [0x007F35A0+79264]
	Ordinal0 [0x007F3539+79161]
	Ordinal0 [0x0098D607+1758727]
	GetHandleVerifier [0x00B96546+1050150]
	GetHandleVerifier [0x00B96291+1049457]
	GetHandleVerifier [0x00BA10D7+1094071]
	GetHandleVerifier [0x00B96B46+1051686]
	Ordinal0 [0x00985B06+1727238]
	Ordinal0 [0x0098EB7B+1764219]
	Ordinal0 [0x0098ECE3+1764579]
	Ordinal0 [0x009A4C05+1854469]
	BaseThreadInitThunk [0x758D6359+25]
	RtlGetAppContainerNamedObjectPath [0x77A47C24+228]
	RtlGetAppContainerNamedObjectPath [0x77A47BF4+180]
">
      <![CDATA[org.openqa.selenium.SessionNotCreatedException: session not created
from chrome not reachable
  (Session info: chrome=84.0.4147.89)
Build info: version: '3.5.2', revision: '10229a9', time: '2017-08-21T17:29:55.15Z'
System info: host: 'DELL-3490-SIDDH', ip: '192.168.0.39', os.name: 'Windows 10', os.arch: 'amd64', os.version: '10.0', java.version: '1.8.0_201'
Driver info: driver.version: ChromeDriver
remote stacktrace: Backtrace:
Ordinal0 [0x00A79563+2725219]
Ordinal0 [0x00978551+1672529]
Ordinal0 [0x00860202+524802]
Ordinal0 [0x008599B2+498098]
Ordinal0 [0x0085A09B+499867]
Ordinal0 [0x0085AFF5+503797]
Ordinal0 [0x00856994+485780]
Ordinal0 [0x00860FF0+528368]
Ordinal0 [0x0080D6C9+186057]
Ordinal0 [0x0080CA3D+182845]
Ordinal0 [0x0080A94B+174411]
Ordinal0 [0x007F2528+75048]
Ordinal0 [0x007F35A0+79264]
Ordinal0 [0x007F3539+79161]
Ordinal0 [0x0098D607+1758727]
GetHandleVerifier [0x00B96546+1050150]
GetHandleVerifier [0x00B96291+1049457]
GetHandleVerifier [0x00BA10D7+1094071]
GetHandleVerifier [0x00B96B46+1051686]
Ordinal0 [0x00985B06+1727238]
Ordinal0 [0x0098EB7B+1764219]
Ordinal0 [0x0098ECE3+1764579]
Ordinal0 [0x009A4C05+1854469]
BaseThreadInitThunk [0x758D6359+25]
RtlGetAppContainerNamedObjectPath [0x77A47C24+228]
RtlGetAppContainerNamedObjectPath [0x77A47BF4+180]

at org.openqa.selenium.remote.W3CHandshakeResponse.lambda$new$0(W3CHandshakeResponse.java:57)
at org.openqa.selenium.remote.W3CHandshakeResponse.lambda$getResponseFunction$2(W3CHandshakeResponse.java:104)
at org.openqa.selenium.remote.ProtocolHandshake.lambda$createSession$24(ProtocolHandshake.java:359)
at java.util.stream.ReferencePipeline$3$1.accept(ReferencePipeline.java:193)
at java.util.Spliterators$ArraySpliterator.tryAdvance(Spliterators.java:958)
at java.util.stream.ReferencePipeline.forEachWithCancel(ReferencePipeline.java:126)
at java.util.stream.AbstractPipeline.copyIntoWithCancel(AbstractPipeline.java:498)
at java.util.stream.AbstractPipeline.copyInto(AbstractPipeline.java:485)
at java.util.stream.AbstractPipeline.wrapAndCopyInto(AbstractPipeline.java:471)
at java.util.stream.FindOps$FindOp.evaluateSequential(FindOps.java:152)
at java.util.stream.AbstractPipeline.evaluate(AbstractPipeline.java:234)
at java.util.stream.ReferencePipeline.findFirst(ReferencePipeline.java:464)
at org.openqa.selenium.remote.ProtocolHandshake.createSession(ProtocolHandshake.java:362)
at org.openqa.selenium.remote.ProtocolHandshake.createSession(ProtocolHandshake.java:136)
at org.openqa.selenium.remote.HttpCommandExecutor.execute(HttpCommandExecutor.java:142)
at org.openqa.selenium.remote.service.DriverCommandExecutor.execute(DriverCommandExecutor.java:82)
at org.openqa.selenium.remote.RemoteWebDriver.execute(RemoteWebDriver.java:641)
at org.openqa.selenium.remote.RemoteWebDriver.startSession(RemoteWebDriver.java:254)
at org.openqa.selenium.remote.RemoteWebDriver.startSession(RemoteWebDriver.java:236)
at org.openqa.selenium.remote.RemoteWebDriver.<init>(RemoteWebDriver.java:137)
at org.openqa.selenium.chrome.ChromeDriver.<init>(ChromeDriver.java:178)
at org.openqa.selenium.chrome.ChromeDriver.<init>(ChromeDriver.java:167)
at org.openqa.selenium.chrome.ChromeDriver.<init>(ChromeDriver.java:124)
at com.InternalProject.qa.base.BaseClass.initialization(BaseClass.java:55)
at com.InternalProject.qa.test.MainTest.setup(MainTest.java:34)
... Removed 28 stack frames]]>
    </failure>
  </testcase> <!-- @BeforeTest setup -->
  <testcase name="@AfterTest tearDown" time="0.0" classname="com.InternalProject.qa.test.LandingTest">
    <skipped/>
  </testcase> <!-- @AfterTest tearDown -->
  <testcase name="@AfterTest tearDown" time="0.0" classname="com.InternalProject.qa.test.LoginTest">
    <skipped/>
  </testcase> <!-- @AfterTest tearDown -->
  <testcase name="@AfterTest tearDown" time="0.0" classname="com.InternalProject.qa.test.MainTest">
    <skipped/>
  </testcase> <!-- @AfterTest tearDown -->
  <testcase name="LoginPageTitleTest" time="0.0" classname="com.InternalProject.qa.test.LandingTest">
    <skipped/>
  </testcase> <!-- LoginPageTitleTest -->
  <testcase name="LogoImageTest" time="0.0" classname="com.InternalProject.qa.test.LandingTest">
    <skipped/>
  </testcase> <!-- LogoImageTest -->
  <testcase name="LogoImageTest" time="0.0" classname="com.InternalProject.qa.test.MainTest">
    <skipped/>
  </testcase> <!-- LogoImageTest -->
</testsuite> <!-- Test -->
