<?xml version="1.0" encoding="UTF-8"?>
<!-- Generated by org.testng.reporters.JUnitXMLReporter -->
<testsuite ignored="0" hostname="DELL-3490-Siddharth" failures="0" tests="8" name="Test" time="34.027" errors="0" timestamp="16 Feb 2021 07:34:24 GMT">
  <testcase classname="com.InternalProject.qa.test.MainTest" name="@BeforeTest setup" time="1.656">
    <failure type="org.openqa.selenium.SessionNotCreatedException" message="session not created: This version of ChromeDriver only supports Chrome version 84
Build info: version: &amp;apos;3.5.2&amp;apos;, revision: &amp;apos;10229a9&amp;apos;, time: &amp;apos;2017-08-21T17:29:55.15Z&amp;apos;
System info: host: &amp;apos;DELL-3490-SIDDH&amp;apos;, ip: &amp;apos;192.168.1.6&amp;apos;, os.name: &amp;apos;Windows 10&amp;apos;, os.arch: &amp;apos;amd64&amp;apos;, os.version: &amp;apos;10.0&amp;apos;, java.version: &amp;apos;14.0.2&amp;apos;
Driver info: driver.version: ChromeDriver
remote stacktrace: Backtrace:
	Ordinal0 [0x003B87E3+2852835]
	Ordinal0 [0x002A5BB1+1727409]
	Ordinal0 [0x0017E4B9+517305]
	Ordinal0 [0x00110BA0+68512]
	Ordinal0 [0x0010D3A0+54176]
	Ordinal0 [0x0012D9F7+186871]
	Ordinal0 [0x0012D7FD+186365]
	Ordinal0 [0x0012B70B+177931]
	Ordinal0 [0x00112584+75140]
	Ordinal0 [0x00113650+79440]
	Ordinal0 [0x001135E9+79337]
	Ordinal0 [0x002BAD5C+1813852]
	GetHandleVerifier [0x004DC616+1075574]
	GetHandleVerifier [0x004DC367+1074887]
	GetHandleVerifier [0x004E7497+1120247]
	GetHandleVerifier [0x004DCC16+1077110]
	Ordinal0 [0x002B3206+1782278]
	Ordinal0 [0x002BC3BB+1819579]
	Ordinal0 [0x002BC523+1819939]
	Ordinal0 [0x002D2B45+1911621]
	BaseThreadInitThunk [0x75786359+25]
	RtlGetAppContainerNamedObjectPath [0x772B8944+228]
	RtlGetAppContainerNamedObjectPath [0x772B8914+180]
">
      <![CDATA[org.openqa.selenium.SessionNotCreatedException: session not created: This version of ChromeDriver only supports Chrome version 84
Build info: version: '3.5.2', revision: '10229a9', time: '2017-08-21T17:29:55.15Z'
System info: host: 'DELL-3490-SIDDH', ip: '192.168.1.6', os.name: 'Windows 10', os.arch: 'amd64', os.version: '10.0', java.version: '14.0.2'
Driver info: driver.version: ChromeDriver
remote stacktrace: Backtrace:
Ordinal0 [0x003B87E3+2852835]
Ordinal0 [0x002A5BB1+1727409]
Ordinal0 [0x0017E4B9+517305]
Ordinal0 [0x00110BA0+68512]
Ordinal0 [0x0010D3A0+54176]
Ordinal0 [0x0012D9F7+186871]
Ordinal0 [0x0012D7FD+186365]
Ordinal0 [0x0012B70B+177931]
Ordinal0 [0x00112584+75140]
Ordinal0 [0x00113650+79440]
Ordinal0 [0x001135E9+79337]
Ordinal0 [0x002BAD5C+1813852]
GetHandleVerifier [0x004DC616+1075574]
GetHandleVerifier [0x004DC367+1074887]
GetHandleVerifier [0x004E7497+1120247]
GetHandleVerifier [0x004DCC16+1077110]
Ordinal0 [0x002B3206+1782278]
Ordinal0 [0x002BC3BB+1819579]
Ordinal0 [0x002BC523+1819939]
Ordinal0 [0x002D2B45+1911621]
BaseThreadInitThunk [0x75786359+25]
RtlGetAppContainerNamedObjectPath [0x772B8944+228]
RtlGetAppContainerNamedObjectPath [0x772B8914+180]

at org.openqa.selenium.remote.W3CHandshakeResponse.lambda$new$0(W3CHandshakeResponse.java:57)
at org.openqa.selenium.remote.W3CHandshakeResponse.lambda$getResponseFunction$2(W3CHandshakeResponse.java:104)
at org.openqa.selenium.remote.ProtocolHandshake.lambda$createSession$24(ProtocolHandshake.java:359)
at java.base/java.util.stream.ReferencePipeline$3$1.accept(ReferencePipeline.java:195)
at java.base/java.util.Spliterators$ArraySpliterator.tryAdvance(Spliterators.java:958)
at java.base/java.util.stream.ReferencePipeline.forEachWithCancel(ReferencePipeline.java:127)
at java.base/java.util.stream.AbstractPipeline.copyIntoWithCancel(AbstractPipeline.java:502)
at java.base/java.util.stream.AbstractPipeline.copyInto(AbstractPipeline.java:488)
at java.base/java.util.stream.AbstractPipeline.wrapAndCopyInto(AbstractPipeline.java:474)
at java.base/java.util.stream.FindOps$FindOp.evaluateSequential(FindOps.java:150)
at java.base/java.util.stream.AbstractPipeline.evaluate(AbstractPipeline.java:234)
at java.base/java.util.stream.ReferencePipeline.findFirst(ReferencePipeline.java:543)
at org.openqa.selenium.remote.ProtocolHandshake.createSession(ProtocolHandshake.java:362)
at org.openqa.selenium.remote.ProtocolHandshake.createSession(ProtocolHandshake.java:136)
at org.openqa.selenium.remote.HttpCommandExecutor.execute(HttpCommandExecutor.java:142)
at org.openqa.selenium.remote.service.DriverCommandExecutor.execute(DriverCommandExecutor.java:82)
at org.openqa.selenium.remote.RemoteWebDriver.execute(RemoteWebDriver.java:641)
at org.openqa.selenium.remote.RemoteWebDriver.startSession(RemoteWebDriver.java:254)
at org.openqa.selenium.remote.RemoteWebDriver.startSession(RemoteWebDriver.java:236)
at org.openqa.selenium.remote.RemoteWebDriver.<init>(RemoteWebDriver.java:137)
at org.openqa.selenium.chrome.ChromeDriver.<init>(ChromeDriver.java:178)
at org.openqa.selenium.chrome.ChromeDriver.<init>(ChromeDriver.java:167)
at org.openqa.selenium.chrome.ChromeDriver.<init>(ChromeDriver.java:156)
at com.InternalProject.qa.base.BaseClass.initialization(BaseClass.java:61)
at com.InternalProject.qa.test.MainTest.setup(MainTest.java:93)
... Removed 33 stack frames]]>
    </failure>
  </testcase> <!-- @BeforeTest setup -->
  <testcase classname="com.InternalProject.qa.test.MainTest" name="@AfterTest tearDown" time="0.0">
    <skipped/>
  </testcase> <!-- @AfterTest tearDown -->
  <testcase classname="com.InternalProject.qa.test.MainTest" name="LogoImageTest" time="0.0">
    <skipped/>
  </testcase> <!-- LogoImageTest -->
  <testcase classname="com.InternalProject.qa.test.MainTest" name="signIn1" time="0.0">
    <skipped/>
  </testcase> <!-- signIn1 -->
  <testcase classname="com.InternalProject.qa.test.MainTest" name="loginWithOTP" time="0.0">
    <skipped/>
  </testcase> <!-- loginWithOTP -->
  <testcase classname="com.InternalProject.qa.test.MainTest" name="HelloLinkTest1" time="0.0">
    <skipped/>
  </testcase> <!-- HelloLinkTest1 -->
  <testcase classname="com.InternalProject.qa.test.MainTest" name="createBookmark" time="0.0">
    <skipped/>
  </testcase> <!-- createBookmark -->
  <testcase classname="com.InternalProject.qa.test.MainTest" name="openBookmark" time="0.0">
    <skipped/>
  </testcase> <!-- openBookmark -->
  <testcase classname="com.InternalProject.qa.test.MainTest" name="removeBookmark" time="0.0">
    <skipped/>
  </testcase> <!-- removeBookmark -->
  <testcase classname="com.InternalProject.qa.test.MainTest" name="logOutRegular" time="0.0">
    <skipped/>
  </testcase> <!-- logOutRegular -->
</testsuite> <!-- Test -->
